0 info it worked if it ends with ok
1 verbose cli [ 'E:\\Installed\\Node\\node.exe',
1 verbose cli   'E:\\Installed\\Node\\node_modules\\npm\\bin\\npm-cli.js',
1 verbose cli   'start' ]
2 info using npm@4.1.2
3 info using node@v6.9.4
4 verbose run-script [ 'prestart', 'start', 'poststart' ]
5 info lifecycle angular-quickstart@1.0.0~prestart: angular-quickstart@1.0.0
6 verbose lifecycle angular-quickstart@1.0.0~prestart: unsafe-perm in lifecycle true
7 verbose lifecycle angular-quickstart@1.0.0~prestart: PATH: E:\Installed\Node\node_modules\npm\bin\node-gyp-bin;D:\zCore\angularQS\node_modules\.bin;C:\ProgramData\Oracle\Java\javapath;C:\Program Files (x86)\Intel\iCLS Client\;C:\Program Files\Intel\iCLS Client\;C:\Windows\system32;C:\Windows;C:\Windows\System32\Wbem;C:\Windows\System32\WindowsPowerShell\v1.0\;C:\Program Files\Intel\Intel(R) Management Engine Components\DAL;C:\Program Files\Intel\Intel(R) Management Engine Components\IPT;C:\Program Files (x86)\Intel\Intel(R) Management Engine Components\DAL;C:\Program Files (x86)\Intel\Intel(R) Management Engine Components\IPT;C:\Program Files\Microsoft SQL Server\110\Tools\Binn\;C:\Program Files\Microsoft SQL Server\120\Tools\Binn\;C:\Program Files\Microsoft\Web Platform Installer\;C:\Program Files (x86)\Git\cmd;%USERPROFILE%\.dnx\bin;C:\Program Files\Microsoft DNX\Dnvm\;C:\Program Files\ANSYS Inc\v160\ansys\bin\winx64;C:\Program Files\Microsoft SQL Server\130\Tools\Binn\;E:\Installed\Heroku\bin;E:\Installed\Node\;C:\Program Files\Git\cmd;C:\Program Files (x86)\Brackets\command;C:\Users\Maharjan\AppData\Local\Programs\Python\Python35-32\Scripts\;C:\Users\Maharjan\AppData\Local\Programs\Python\Python35-32\;C:\Users\Maharjan\AppData\Local\atom\bin;C:\Program Files (x86)\Microsoft VS Code\bin;C:\Users\Maharjan\AppData\Roaming\npm
8 verbose lifecycle angular-quickstart@1.0.0~prestart: CWD: D:\zCore\angularQS
9 silly lifecycle angular-quickstart@1.0.0~prestart: Args: [ '/d /s /c', 'npm run build' ]
10 silly lifecycle angular-quickstart@1.0.0~prestart: Returned: code: 1  signal: null
11 info lifecycle angular-quickstart@1.0.0~prestart: Failed to exec prestart script
12 verbose stack Error: angular-quickstart@1.0.0 prestart: `npm run build`
12 verbose stack Exit status 1
12 verbose stack     at EventEmitter.<anonymous> (E:\Installed\Node\node_modules\npm\lib\utils\lifecycle.js:279:16)
12 verbose stack     at emitTwo (events.js:106:13)
12 verbose stack     at EventEmitter.emit (events.js:191:7)
12 verbose stack     at ChildProcess.<anonymous> (E:\Installed\Node\node_modules\npm\lib\utils\spawn.js:40:14)
12 verbose stack     at emitTwo (events.js:106:13)
12 verbose stack     at ChildProcess.emit (events.js:191:7)
12 verbose stack     at maybeClose (internal/child_process.js:877:16)
12 verbose stack     at Process.ChildProcess._handle.onexit (internal/child_process.js:226:5)
13 verbose pkgid angular-quickstart@1.0.0
14 verbose cwd D:\zCore\angularQS\src\app
15 error Windows_NT 6.1.7601
16 error argv "E:\\Installed\\Node\\node.exe" "E:\\Installed\\Node\\node_modules\\npm\\bin\\npm-cli.js" "start"
17 error node v6.9.4
18 error npm  v4.1.2
19 error code ELIFECYCLE
20 error angular-quickstart@1.0.0 prestart: `npm run build`
20 error Exit status 1
21 error Failed at the angular-quickstart@1.0.0 prestart script 'npm run build'.
21 error Make sure you have the latest version of node.js and npm installed.
21 error If you do, this is most likely a problem with the angular-quickstart package,
21 error not with npm itself.
21 error Tell the author that this fails on your system:
21 error     npm run build
21 error You can get information on how to open an issue for this project with:
21 error     npm bugs angular-quickstart
21 error Or if that isn't available, you can get their info via:
21 error     npm owner ls angular-quickstart
21 error There is likely additional logging output above.
22 verbose exit [ 1, true ]
